<?xml version="1.0" encoding="UTF-8"?>
<testsuite name="com.example.reservationV5.service.ReservationServiceTest" tests="1" skipped="0" failures="0" errors="0" timestamp="2025-01-05T01:56:59" hostname="ZINI" time="1.761">
  <properties/>
  <testcase name="예약 생성" classname="com.example.reservationV5.service.ReservationServiceTest" time="1.761"/>
  <system-out><![CDATA[10:57:01.207 [Test worker] INFO com.example.reservationV5.domain.reservation.service.ReservationService -- Searching for member with Id: 1
10:57:01.222 [Test worker] INFO com.example.reservationV5.domain.reservation.service.ReservationService -- Searching for member with Id2: 1
]]></system-out>
  <system-err><![CDATA[]]></system-err>
</testsuite>
