<?xml version="1.0" encoding="UTF-8"?>
<testsuite name="com.example.reservationV5.service.ReservationServiceTest" tests="1" skipped="0" failures="0" errors="0" timestamp="2025-01-02T02:56:29" hostname="ZINI" time="1.205">
  <properties/>
  <testcase name="예약 생성" classname="com.example.reservationV5.service.ReservationServiceTest" time="1.205"/>
  <system-out><![CDATA[]]></system-out>
  <system-err><![CDATA[]]></system-err>
</testsuite>
